running develop
running egg_info
creating amr_bringup.egg-info
writing amr_bringup.egg-info/PKG-INFO
writing dependency_links to amr_bringup.egg-info/dependency_links.txt
writing entry points to amr_bringup.egg-info/entry_points.txt
writing requirements to amr_bringup.egg-info/requires.txt
writing top-level names to amr_bringup.egg-info/top_level.txt
writing manifest file 'amr_bringup.egg-info/SOURCES.txt'
reading manifest file 'amr_bringup.egg-info/SOURCES.txt'
writing manifest file 'amr_bringup.egg-info/SOURCES.txt'
running build_ext
Creating /home/sibel/amr_ws/install/amr_bringup/lib/python3.10/site-packages/amr-bringup.egg-link (link to .)

Installed /home/sibel/amr_ws/build/amr_bringup
running symlink_data
creating /home/sibel/amr_ws/install/amr_bringup/share/ament_index
creating /home/sibel/amr_ws/install/amr_bringup/share/ament_index/resource_index
creating /home/sibel/amr_ws/install/amr_bringup/share/ament_index/resource_index/packages
symbolically linking /home/sibel/amr_ws/build/amr_bringup/resource/amr_bringup -> /home/sibel/amr_ws/install/amr_bringup/share/ament_index/resource_index/packages
symbolically linking /home/sibel/amr_ws/build/amr_bringup/package.xml -> /home/sibel/amr_ws/install/amr_bringup/share/amr_bringup
creating /home/sibel/amr_ws/install/amr_bringup/share/amr_bringup/launch
symbolically linking /home/sibel/amr_ws/build/amr_bringup/launch/sim.launch.py -> /home/sibel/amr_ws/install/amr_bringup/share/amr_bringup/launch
