running egg_info
writing ../../build/amr_bringup/amr_bringup.egg-info/PKG-INFO
writing dependency_links to ../../build/amr_bringup/amr_bringup.egg-info/dependency_links.txt
writing entry points to ../../build/amr_bringup/amr_bringup.egg-info/entry_points.txt
writing requirements to ../../build/amr_bringup/amr_bringup.egg-info/requires.txt
writing top-level names to ../../build/amr_bringup/amr_bringup.egg-info/top_level.txt
reading manifest file '../../build/amr_bringup/amr_bringup.egg-info/SOURCES.txt'
writing manifest file '../../build/amr_bringup/amr_bringup.egg-info/SOURCES.txt'
running build
running build_py
running install
running install_lib
running install_data
copying config/amr_controllers.yaml -> /home/sibel/amr_ws/install/amr_bringup/share/amr_bringup/config
copying config/slam_toolbox.yaml -> /home/sibel/amr_ws/install/amr_bringup/share/amr_bringup/config
running install_egg_info
removing '/home/sibel/amr_ws/install/amr_bringup/lib/python3.10/site-packages/amr_bringup-0.0.0-py3.10.egg-info' (and everything under it)
Copying ../../build/amr_bringup/amr_bringup.egg-info to /home/sibel/amr_ws/install/amr_bringup/lib/python3.10/site-packages/amr_bringup-0.0.0-py3.10.egg-info
running install_scripts
Installing teleop_key script to /home/sibel/amr_ws/install/amr_bringup/lib/amr_bringup
writing list of installed files to '/home/sibel/amr_ws/build/amr_bringup/install.log'
