[0.281s] Invoking command in '/home/sibel/amr_ws/build/amr_description': CMAKE_PREFIX_PATH=/opt/ros/humble /usr/bin/cmake /home/sibel/amr_ws/src/amr_description -DCMAKE_INSTALL_PREFIX=/home/sibel/amr_ws/install/amr_description
[0.298s] -- Found ament_cmake: 1.3.14 (/opt/ros/humble/share/ament_cmake/cmake)
[0.478s] -- Override CMake install command with custom implementation using symlinks instead of copying resources
[0.488s] -- Found ament_lint_auto: 0.12.15 (/opt/ros/humble/share/ament_lint_auto/cmake)
[0.583s] -- Added test 'lint_cmake' to check CMake code style
[0.584s] -- Added test 'xmllint' to check XML markup files
[0.585s] -- Configuring done
[0.590s] -- Generating done
[0.592s] -- Build files have been written to: /home/sibel/amr_ws/build/amr_description
[0.595s] Invoked command in '/home/sibel/amr_ws/build/amr_description' returned '0': CMAKE_PREFIX_PATH=/opt/ros/humble /usr/bin/cmake /home/sibel/amr_ws/src/amr_description -DCMAKE_INSTALL_PREFIX=/home/sibel/amr_ws/install/amr_description
[0.597s] Invoking command in '/home/sibel/amr_ws/build/amr_description': CMAKE_PREFIX_PATH=/opt/ros/humble /usr/bin/cmake --build /home/sibel/amr_ws/build/amr_description -- -j12 -l12
[0.636s] Invoked command in '/home/sibel/amr_ws/build/amr_description' returned '0': CMAKE_PREFIX_PATH=/opt/ros/humble /usr/bin/cmake --build /home/sibel/amr_ws/build/amr_description -- -j12 -l12
[0.652s] Invoking command in '/home/sibel/amr_ws/build/amr_description': CMAKE_PREFIX_PATH=/opt/ros/humble /usr/bin/cmake --install /home/sibel/amr_ws/build/amr_description
[0.660s] -- Install configuration: ""
[0.661s] -- Execute custom install script
[0.661s] -- Up-to-date symlink: /home/sibel/amr_ws/install/amr_description/share/ament_index/resource_index/package_run_dependencies/amr_description
[0.662s] -- Up-to-date symlink: /home/sibel/amr_ws/install/amr_description/share/ament_index/resource_index/parent_prefix_path/amr_description
[0.662s] -- Up-to-date symlink: /home/sibel/amr_ws/install/amr_description/share/amr_description/environment/ament_prefix_path.sh
[0.663s] -- Up-to-date symlink: /home/sibel/amr_ws/install/amr_description/share/amr_description/environment/ament_prefix_path.dsv
[0.663s] -- Up-to-date symlink: /home/sibel/amr_ws/install/amr_description/share/amr_description/environment/path.sh
[0.663s] -- Up-to-date symlink: /home/sibel/amr_ws/install/amr_description/share/amr_description/environment/path.dsv
[0.663s] -- Up-to-date symlink: /home/sibel/amr_ws/install/amr_description/share/amr_description/local_setup.bash
[0.663s] -- Up-to-date symlink: /home/sibel/amr_ws/install/amr_description/share/amr_description/local_setup.sh
[0.663s] -- Up-to-date symlink: /home/sibel/amr_ws/install/amr_description/share/amr_description/local_setup.zsh
[0.663s] -- Up-to-date symlink: /home/sibel/amr_ws/install/amr_description/share/amr_description/local_setup.dsv
[0.663s] -- Symlinking: /home/sibel/amr_ws/install/amr_description/share/amr_description/package.dsv
[0.676s] -- Up-to-date symlink: /home/sibel/amr_ws/install/amr_description/share/ament_index/resource_index/packages/amr_description
[0.676s] -- Up-to-date symlink: /home/sibel/amr_ws/install/amr_description/share/amr_description/cmake/amr_descriptionConfig.cmake
[0.676s] -- Up-to-date symlink: /home/sibel/amr_ws/install/amr_description/share/amr_description/cmake/amr_descriptionConfig-version.cmake
[0.676s] -- Up-to-date symlink: /home/sibel/amr_ws/install/amr_description/share/amr_description/package.xml
[0.676s] -- Up-to-date symlink: /home/sibel/amr_ws/install/amr_description/share/amr_description/urdf/amr.urdf.xacro
[0.678s] Invoked command in '/home/sibel/amr_ws/build/amr_description' returned '0': CMAKE_PREFIX_PATH=/opt/ros/humble /usr/bin/cmake --install /home/sibel/amr_ws/build/amr_description
