[0.433s] Invoking command in '/home/sibel/amr_ws/build/amr_bringup': PYTHONPATH=/home/sibel/amr_ws/build/amr_bringup/prefix_override:/usr/lib/python3/dist-packages/colcon_core/task/python/colcon_distutils_commands:/home/sibel/amr_ws/install/amr_bringup/lib/python3.10/site-packages:${PYTHONPATH} /usr/bin/python3 -W ignore:setup.py install is deprecated -W ignore:easy_install command is deprecated setup.py develop --uninstall --editable --build-directory /home/sibel/amr_ws/build/amr_bringup/build
[0.604s] running develop
[0.722s] Removing /home/sibel/amr_ws/install/amr_bringup/lib/python3.10/site-packages/amr-bringup.egg-link (link to .)
[0.740s] Invoked command in '/home/sibel/amr_ws/build/amr_bringup' returned '0': PYTHONPATH=/home/sibel/amr_ws/build/amr_bringup/prefix_override:/usr/lib/python3/dist-packages/colcon_core/task/python/colcon_distutils_commands:/home/sibel/amr_ws/install/amr_bringup/lib/python3.10/site-packages:${PYTHONPATH} /usr/bin/python3 -W ignore:setup.py install is deprecated -W ignore:easy_install command is deprecated setup.py develop --uninstall --editable --build-directory /home/sibel/amr_ws/build/amr_bringup/build
[0.741s] Invoking command in '/home/sibel/amr_ws/src/amr_bringup': PYTHONPATH=/home/sibel/amr_ws/build/amr_bringup/prefix_override:/usr/lib/python3/dist-packages/colcon_core/task/python/colcon_distutils_commands:/home/sibel/amr_ws/install/amr_bringup/lib/python3.10/site-packages:${PYTHONPATH} /usr/bin/python3 -W ignore:setup.py install is deprecated -W ignore:easy_install command is deprecated setup.py egg_info --egg-base ../../build/amr_bringup build --build-base /home/sibel/amr_ws/build/amr_bringup/build install --record /home/sibel/amr_ws/build/amr_bringup/install.log --single-version-externally-managed install_data --force
[0.870s] running egg_info
[0.870s] writing ../../build/amr_bringup/amr_bringup.egg-info/PKG-INFO
[0.870s] writing dependency_links to ../../build/amr_bringup/amr_bringup.egg-info/dependency_links.txt
[0.871s] writing entry points to ../../build/amr_bringup/amr_bringup.egg-info/entry_points.txt
[0.871s] writing requirements to ../../build/amr_bringup/amr_bringup.egg-info/requires.txt
[0.871s] writing top-level names to ../../build/amr_bringup/amr_bringup.egg-info/top_level.txt
[0.872s] reading manifest file '../../build/amr_bringup/amr_bringup.egg-info/SOURCES.txt'
[0.879s] writing manifest file '../../build/amr_bringup/amr_bringup.egg-info/SOURCES.txt'
[0.879s] running build
[0.879s] running build_py
[0.879s] creating /home/sibel/amr_ws/build/amr_bringup/build
[0.879s] creating /home/sibel/amr_ws/build/amr_bringup/build/lib
[0.879s] creating /home/sibel/amr_ws/build/amr_bringup/build/lib/amr_bringup
[0.879s] copying amr_bringup/__init__.py -> /home/sibel/amr_ws/build/amr_bringup/build/lib/amr_bringup
[0.879s] running install
[0.880s] running install_lib
[0.880s] creating /home/sibel/amr_ws/install/amr_bringup/lib/python3.10/site-packages/amr_bringup
[0.880s] copying /home/sibel/amr_ws/build/amr_bringup/build/lib/amr_bringup/__init__.py -> /home/sibel/amr_ws/install/amr_bringup/lib/python3.10/site-packages/amr_bringup
[0.880s] byte-compiling /home/sibel/amr_ws/install/amr_bringup/lib/python3.10/site-packages/amr_bringup/__init__.py to __init__.cpython-310.pyc
[0.880s] running install_data
[0.880s] copying resource/amr_bringup -> /home/sibel/amr_ws/install/amr_bringup/share/ament_index/resource_index/packages
[0.880s] copying package.xml -> /home/sibel/amr_ws/install/amr_bringup/share/amr_bringup
[0.880s] copying launch/sim.launch.py -> /home/sibel/amr_ws/install/amr_bringup/share/amr_bringup/launch
[0.880s] copying config/amr_controllers.yaml -> /home/sibel/amr_ws/install/amr_bringup/share/amr_bringup/config
[0.880s] copying config/twist_mux.yaml -> /home/sibel/amr_ws/install/amr_bringup/share/amr_bringup/config
[0.880s] running install_egg_info
[0.881s] Copying ../../build/amr_bringup/amr_bringup.egg-info to /home/sibel/amr_ws/install/amr_bringup/lib/python3.10/site-packages/amr_bringup-0.0.0-py3.10.egg-info
[0.881s] running install_scripts
[0.893s] writing list of installed files to '/home/sibel/amr_ws/build/amr_bringup/install.log'
[0.906s] Invoked command in '/home/sibel/amr_ws/src/amr_bringup' returned '0': PYTHONPATH=/home/sibel/amr_ws/build/amr_bringup/prefix_override:/usr/lib/python3/dist-packages/colcon_core/task/python/colcon_distutils_commands:/home/sibel/amr_ws/install/amr_bringup/lib/python3.10/site-packages:${PYTHONPATH} /usr/bin/python3 -W ignore:setup.py install is deprecated -W ignore:easy_install command is deprecated setup.py egg_info --egg-base ../../build/amr_bringup build --build-base /home/sibel/amr_ws/build/amr_bringup/build install --record /home/sibel/amr_ws/build/amr_bringup/install.log --single-version-externally-managed install_data --force
