-- Found ament_cmake: 1.3.14 (/opt/ros/humble/share/ament_cmake/cmake)
-- Override CMake install command with custom implementation using symlinks instead of copying resources
-- Found ament_lint_auto: 0.12.15 (/opt/ros/humble/share/ament_lint_auto/cmake)
-- Added test 'lint_cmake' to check CMake code style
-- Added test 'xmllint' to check XML markup files
-- Configuring done
-- Generating done
-- Build files have been written to: /home/sibel/amr_ws/build/amr_description
-- Install configuration: ""
-- Execute custom install script
-- Up-to-date symlink: /home/sibel/amr_ws/install/amr_description/share/ament_index/resource_index/package_run_dependencies/amr_description
-- Up-to-date symlink: /home/sibel/amr_ws/install/amr_description/share/ament_index/resource_index/parent_prefix_path/amr_description
-- Up-to-date symlink: /home/sibel/amr_ws/install/amr_description/share/amr_description/environment/ament_prefix_path.sh
-- Up-to-date symlink: /home/sibel/amr_ws/install/amr_description/share/amr_description/environment/ament_prefix_path.dsv
-- Up-to-date symlink: /home/sibel/amr_ws/install/amr_description/share/amr_description/environment/path.sh
-- Up-to-date symlink: /home/sibel/amr_ws/install/amr_description/share/amr_description/environment/path.dsv
-- Up-to-date symlink: /home/sibel/amr_ws/install/amr_description/share/amr_description/local_setup.bash
-- Up-to-date symlink: /home/sibel/amr_ws/install/amr_description/share/amr_description/local_setup.sh
-- Up-to-date symlink: /home/sibel/amr_ws/install/amr_description/share/amr_description/local_setup.zsh
-- Up-to-date symlink: /home/sibel/amr_ws/install/amr_description/share/amr_description/local_setup.dsv
-- Symlinking: /home/sibel/amr_ws/install/amr_description/share/amr_description/package.dsv
-- Up-to-date symlink: /home/sibel/amr_ws/install/amr_description/share/ament_index/resource_index/packages/amr_description
-- Up-to-date symlink: /home/sibel/amr_ws/install/amr_description/share/amr_description/cmake/amr_descriptionConfig.cmake
-- Up-to-date symlink: /home/sibel/amr_ws/install/amr_description/share/amr_description/cmake/amr_descriptionConfig-version.cmake
-- Up-to-date symlink: /home/sibel/amr_ws/install/amr_description/share/amr_description/package.xml
-- Up-to-date symlink: /home/sibel/amr_ws/install/amr_description/share/amr_description/urdf/amr.urdf.xacro
