[0.845s] Invoking command in '/home/sibel/amr_ws/src/amr_bringup': PYTHONPATH=/home/sibel/amr_ws/build/amr_bringup/prefix_override:/usr/lib/python3/dist-packages/colcon_core/task/python/colcon_distutils_commands:/home/sibel/amr_ws/install/amr_bringup/lib/python3.10/site-packages:${PYTHONPATH} /usr/bin/python3 -W ignore:setup.py install is deprecated -W ignore:easy_install command is deprecated setup.py egg_info --egg-base ../../build/amr_bringup build --build-base /home/sibel/amr_ws/build/amr_bringup/build install --record /home/sibel/amr_ws/build/amr_bringup/install.log --single-version-externally-managed install_data
[1.117s] running egg_info
[1.118s] writing ../../build/amr_bringup/amr_bringup.egg-info/PKG-INFO
[1.118s] writing dependency_links to ../../build/amr_bringup/amr_bringup.egg-info/dependency_links.txt
[1.118s] writing entry points to ../../build/amr_bringup/amr_bringup.egg-info/entry_points.txt
[1.118s] writing requirements to ../../build/amr_bringup/amr_bringup.egg-info/requires.txt
[1.119s] writing top-level names to ../../build/amr_bringup/amr_bringup.egg-info/top_level.txt
[1.121s] reading manifest file '../../build/amr_bringup/amr_bringup.egg-info/SOURCES.txt'
[1.122s] writing manifest file '../../build/amr_bringup/amr_bringup.egg-info/SOURCES.txt'
[1.122s] running build
[1.122s] running build_py
[1.123s] running install
[1.123s] running install_lib
[1.125s] running install_data
[1.125s] copying config/slam_toolbox.yaml -> /home/sibel/amr_ws/install/amr_bringup/share/amr_bringup/config
[1.125s] running install_egg_info
[1.128s] removing '/home/sibel/amr_ws/install/amr_bringup/lib/python3.10/site-packages/amr_bringup-0.0.0-py3.10.egg-info' (and everything under it)
[1.128s] Copying ../../build/amr_bringup/amr_bringup.egg-info to /home/sibel/amr_ws/install/amr_bringup/lib/python3.10/site-packages/amr_bringup-0.0.0-py3.10.egg-info
[1.129s] running install_scripts
[1.154s] Installing teleop_key script to /home/sibel/amr_ws/install/amr_bringup/lib/amr_bringup
[1.154s] writing list of installed files to '/home/sibel/amr_ws/build/amr_bringup/install.log'
[1.195s] Invoked command in '/home/sibel/amr_ws/src/amr_bringup' returned '0': PYTHONPATH=/home/sibel/amr_ws/build/amr_bringup/prefix_override:/usr/lib/python3/dist-packages/colcon_core/task/python/colcon_distutils_commands:/home/sibel/amr_ws/install/amr_bringup/lib/python3.10/site-packages:${PYTHONPATH} /usr/bin/python3 -W ignore:setup.py install is deprecated -W ignore:easy_install command is deprecated setup.py egg_info --egg-base ../../build/amr_bringup build --build-base /home/sibel/amr_ws/build/amr_bringup/build install --record /home/sibel/amr_ws/build/amr_bringup/install.log --single-version-externally-managed install_data
