[0.160s] Invoking command in '/home/sibel/amr_ws/build/amr_description': CMAKE_PREFIX_PATH=${CMAKE_PREFIX_PATH}:/home/sibel/amr_ws/install/amr_bringup:/opt/ros/humble /usr/bin/cmake /home/sibel/amr_ws/src/amr_description -DAMENT_CMAKE_SYMLINK_INSTALL=1 -DCMAKE_INSTALL_PREFIX=/home/sibel/amr_ws/install/amr_description
[0.169s] -- Found ament_cmake: 1.3.14 (/opt/ros/humble/share/ament_cmake/cmake)
[0.263s] -- Override CMake install command with custom implementation using symlinks instead of copying resources
[0.267s] -- Found ament_lint_auto: 0.12.15 (/opt/ros/humble/share/ament_lint_auto/cmake)
[0.319s] -- Added test 'lint_cmake' to check CMake code style
[0.320s] -- Added test 'xmllint' to check XML markup files
[0.321s] -- Configuring done
[0.322s] -- Generating done
[0.323s] -- Build files have been written to: /home/sibel/amr_ws/build/amr_description
[0.325s] Invoked command in '/home/sibel/amr_ws/build/amr_description' returned '0': CMAKE_PREFIX_PATH=${CMAKE_PREFIX_PATH}:/home/sibel/amr_ws/install/amr_bringup:/opt/ros/humble /usr/bin/cmake /home/sibel/amr_ws/src/amr_description -DAMENT_CMAKE_SYMLINK_INSTALL=1 -DCMAKE_INSTALL_PREFIX=/home/sibel/amr_ws/install/amr_description
[0.327s] Invoking command in '/home/sibel/amr_ws/build/amr_description': CMAKE_PREFIX_PATH=${CMAKE_PREFIX_PATH}:/home/sibel/amr_ws/install/amr_bringup:/opt/ros/humble /usr/bin/cmake --build /home/sibel/amr_ws/build/amr_description -- -j12 -l12
[0.366s] Invoked command in '/home/sibel/amr_ws/build/amr_description' returned '0': CMAKE_PREFIX_PATH=${CMAKE_PREFIX_PATH}:/home/sibel/amr_ws/install/amr_bringup:/opt/ros/humble /usr/bin/cmake --build /home/sibel/amr_ws/build/amr_description -- -j12 -l12
[0.377s] Invoking command in '/home/sibel/amr_ws/build/amr_description': CMAKE_PREFIX_PATH=${CMAKE_PREFIX_PATH}:/home/sibel/amr_ws/install/amr_bringup:/opt/ros/humble /usr/bin/cmake --install /home/sibel/amr_ws/build/amr_description
[0.385s] -- Install configuration: ""
[0.385s] -- Execute custom install script
[0.385s] -- Up-to-date symlink: /home/sibel/amr_ws/install/amr_description/share/ament_index/resource_index/package_run_dependencies/amr_description
[0.385s] -- Up-to-date symlink: /home/sibel/amr_ws/install/amr_description/share/ament_index/resource_index/parent_prefix_path/amr_description
[0.386s] -- Up-to-date symlink: /home/sibel/amr_ws/install/amr_description/share/amr_description/environment/ament_prefix_path.sh
[0.386s] -- Up-to-date symlink: /home/sibel/amr_ws/install/amr_description/share/amr_description/environment/ament_prefix_path.dsv
[0.386s] -- Up-to-date symlink: /home/sibel/amr_ws/install/amr_description/share/amr_description/environment/path.sh
[0.386s] -- Up-to-date symlink: /home/sibel/amr_ws/install/amr_description/share/amr_description/environment/path.dsv
[0.386s] -- Up-to-date symlink: /home/sibel/amr_ws/install/amr_description/share/amr_description/local_setup.bash
[0.386s] -- Up-to-date symlink: /home/sibel/amr_ws/install/amr_description/share/amr_description/local_setup.sh
[0.386s] -- Up-to-date symlink: /home/sibel/amr_ws/install/amr_description/share/amr_description/local_setup.zsh
[0.387s] -- Up-to-date symlink: /home/sibel/amr_ws/install/amr_description/share/amr_description/local_setup.dsv
[0.387s] -- Symlinking: /home/sibel/amr_ws/install/amr_description/share/amr_description/package.dsv
[0.396s] -- Up-to-date symlink: /home/sibel/amr_ws/install/amr_description/share/ament_index/resource_index/packages/amr_description
[0.396s] -- Up-to-date symlink: /home/sibel/amr_ws/install/amr_description/share/amr_description/cmake/amr_descriptionConfig.cmake
[0.396s] -- Up-to-date symlink: /home/sibel/amr_ws/install/amr_description/share/amr_description/cmake/amr_descriptionConfig-version.cmake
[0.396s] -- Up-to-date symlink: /home/sibel/amr_ws/install/amr_description/share/amr_description/package.xml
[0.397s] -- Up-to-date symlink: /home/sibel/amr_ws/install/amr_description/share/amr_description/urdf/amr.urdf.xacro
[0.398s] Invoked command in '/home/sibel/amr_ws/build/amr_description' returned '0': CMAKE_PREFIX_PATH=${CMAKE_PREFIX_PATH}:/home/sibel/amr_ws/install/amr_bringup:/opt/ros/humble /usr/bin/cmake --install /home/sibel/amr_ws/build/amr_description
