[0.377s] Invoking command in '/home/sibel/amr_ws/src/amr_bringup': PYTHONPATH=/home/sibel/amr_ws/build/amr_bringup/prefix_override:/usr/lib/python3/dist-packages/colcon_core/task/python/colcon_distutils_commands:/home/sibel/amr_ws/install/amr_bringup/lib/python3.10/site-packages:${PYTHONPATH} /usr/bin/python3 -W ignore:setup.py install is deprecated -W ignore:easy_install command is deprecated setup.py egg_info --egg-base ../../build/amr_bringup build --build-base /home/sibel/amr_ws/build/amr_bringup/build install --record /home/sibel/amr_ws/build/amr_bringup/install.log --single-version-externally-managed install_data
[0.516s] running egg_info
[0.516s] writing ../../build/amr_bringup/amr_bringup.egg-info/PKG-INFO
[0.517s] writing dependency_links to ../../build/amr_bringup/amr_bringup.egg-info/dependency_links.txt
[0.517s] writing entry points to ../../build/amr_bringup/amr_bringup.egg-info/entry_points.txt
[0.517s] writing requirements to ../../build/amr_bringup/amr_bringup.egg-info/requires.txt
[0.517s] writing top-level names to ../../build/amr_bringup/amr_bringup.egg-info/top_level.txt
[0.518s] reading manifest file '../../build/amr_bringup/amr_bringup.egg-info/SOURCES.txt'
[0.518s] writing manifest file '../../build/amr_bringup/amr_bringup.egg-info/SOURCES.txt'
[0.518s] running build
[0.519s] running build_py
[0.519s] running install
[0.519s] running install_lib
[0.519s] running install_data
[0.519s] running install_egg_info
[0.520s] removing '/home/sibel/amr_ws/install/amr_bringup/lib/python3.10/site-packages/amr_bringup-0.0.0-py3.10.egg-info' (and everything under it)
[0.521s] Copying ../../build/amr_bringup/amr_bringup.egg-info to /home/sibel/amr_ws/install/amr_bringup/lib/python3.10/site-packages/amr_bringup-0.0.0-py3.10.egg-info
[0.521s] running install_scripts
[0.534s] Installing teleop_key script to /home/sibel/amr_ws/install/amr_bringup/lib/amr_bringup
[0.534s] writing list of installed files to '/home/sibel/amr_ws/build/amr_bringup/install.log'
[0.548s] Invoked command in '/home/sibel/amr_ws/src/amr_bringup' returned '0': PYTHONPATH=/home/sibel/amr_ws/build/amr_bringup/prefix_override:/usr/lib/python3/dist-packages/colcon_core/task/python/colcon_distutils_commands:/home/sibel/amr_ws/install/amr_bringup/lib/python3.10/site-packages:${PYTHONPATH} /usr/bin/python3 -W ignore:setup.py install is deprecated -W ignore:easy_install command is deprecated setup.py egg_info --egg-base ../../build/amr_bringup build --build-base /home/sibel/amr_ws/build/amr_bringup/build install --record /home/sibel/amr_ws/build/amr_bringup/install.log --single-version-externally-managed install_data
