[0.058s] DEBUG:colcon:Command line arguments: ['/usr/bin/colcon', 'build', '--symlink-install']
[0.058s] DEBUG:colcon:Parsed command line arguments: Namespace(log_base=None, log_level=None, verb_name='build', build_base='build', install_base='install', merge_install=False, symlink_install=True, test_result_base=None, continue_on_error=False, executor='parallel', parallel_workers=12, event_handlers=None, ignore_user_meta=False, metas=['./colcon.meta'], base_paths=['.'], packages_ignore=None, packages_ignore_regex=None, paths=None, packages_up_to=None, packages_up_to_regex=None, packages_above=None, packages_above_and_dependencies=None, packages_above_depth=None, packages_select_by_dep=None, packages_skip_by_dep=None, packages_skip_up_to=None, packages_select_build_failed=False, packages_skip_build_finished=False, packages_select_test_failures=False, packages_skip_test_passed=False, packages_select=None, packages_skip=None, packages_select_regex=None, packages_skip_regex=None, packages_start=None, packages_end=None, allow_overriding=[], cmake_args=None, cmake_target=None, cmake_target_skip_unavailable=False, cmake_clean_cache=False, cmake_clean_first=False, cmake_force_configure=False, ament_cmake_args=None, catkin_cmake_args=None, catkin_skip_building_tests=False, verb_parser=<colcon_defaults.argument_parser.defaults.DefaultArgumentsDecorator object at 0x74ba5f166ec0>, verb_extension=<colcon_core.verb.build.BuildVerb object at 0x74ba5f2a4400>, main=<bound method BuildVerb.main of <colcon_core.verb.build.BuildVerb object at 0x74ba5f2a4400>>)
[0.158s] Level 1:colcon.colcon_core.package_discovery:discover_packages(colcon_meta) check parameters
[0.158s] Level 1:colcon.colcon_core.package_discovery:discover_packages(recursive) check parameters
[0.158s] Level 1:colcon.colcon_core.package_discovery:discover_packages(ignore) check parameters
[0.158s] Level 1:colcon.colcon_core.package_discovery:discover_packages(path) check parameters
[0.158s] Level 1:colcon.colcon_core.package_discovery:discover_packages(colcon_meta) discover
[0.159s] Level 1:colcon.colcon_core.package_discovery:discover_packages(recursive) discover
[0.159s] INFO:colcon.colcon_core.package_discovery:Crawling recursively for packages in '/home/sibel/amr_ws'
[0.159s] Level 1:colcon.colcon_core.package_identification:_identify(.) by extensions ['ignore', 'ignore_ament_install']
[0.159s] Level 1:colcon.colcon_core.package_identification:_identify(.) by extension 'ignore'
[0.159s] Level 1:colcon.colcon_core.package_identification:_identify(.) by extension 'ignore_ament_install'
[0.159s] Level 1:colcon.colcon_core.package_identification:_identify(.) by extensions ['colcon_pkg']
[0.159s] Level 1:colcon.colcon_core.package_identification:_identify(.) by extension 'colcon_pkg'
[0.159s] Level 1:colcon.colcon_core.package_identification:_identify(.) by extensions ['colcon_meta']
[0.159s] Level 1:colcon.colcon_core.package_identification:_identify(.) by extension 'colcon_meta'
[0.159s] Level 1:colcon.colcon_core.package_identification:_identify(.) by extensions ['ros']
[0.159s] Level 1:colcon.colcon_core.package_identification:_identify(.) by extension 'ros'
[0.165s] Level 1:colcon.colcon_core.package_identification:_identify(.) by extensions ['cmake', 'python']
[0.165s] Level 1:colcon.colcon_core.package_identification:_identify(.) by extension 'cmake'
[0.165s] Level 1:colcon.colcon_core.package_identification:_identify(.) by extension 'python'
[0.165s] Level 1:colcon.colcon_core.package_identification:_identify(.) by extensions ['python_setup_py']
[0.165s] Level 1:colcon.colcon_core.package_identification:_identify(.) by extension 'python_setup_py'
[0.165s] Level 1:colcon.colcon_core.package_identification:_identify(build) by extensions ['ignore', 'ignore_ament_install']
[0.165s] Level 1:colcon.colcon_core.package_identification:_identify(build) by extension 'ignore'
[0.165s] Level 1:colcon.colcon_core.package_identification:_identify(build) ignored
[0.165s] Level 1:colcon.colcon_core.package_identification:_identify(install) by extensions ['ignore', 'ignore_ament_install']
[0.166s] Level 1:colcon.colcon_core.package_identification:_identify(install) by extension 'ignore'
[0.166s] Level 1:colcon.colcon_core.package_identification:_identify(install) ignored
[0.166s] Level 1:colcon.colcon_core.package_identification:_identify(log) by extensions ['ignore', 'ignore_ament_install']
[0.166s] Level 1:colcon.colcon_core.package_identification:_identify(log) by extension 'ignore'
[0.166s] Level 1:colcon.colcon_core.package_identification:_identify(log) ignored
[0.166s] Level 1:colcon.colcon_core.package_identification:_identify(src) by extensions ['ignore', 'ignore_ament_install']
[0.166s] Level 1:colcon.colcon_core.package_identification:_identify(src) by extension 'ignore'
[0.166s] Level 1:colcon.colcon_core.package_identification:_identify(src) by extension 'ignore_ament_install'
[0.166s] Level 1:colcon.colcon_core.package_identification:_identify(src) by extensions ['colcon_pkg']
[0.166s] Level 1:colcon.colcon_core.package_identification:_identify(src) by extension 'colcon_pkg'
[0.166s] Level 1:colcon.colcon_core.package_identification:_identify(src) by extensions ['colcon_meta']
[0.166s] Level 1:colcon.colcon_core.package_identification:_identify(src) by extension 'colcon_meta'
[0.166s] Level 1:colcon.colcon_core.package_identification:_identify(src) by extensions ['ros']
[0.166s] Level 1:colcon.colcon_core.package_identification:_identify(src) by extension 'ros'
[0.166s] Level 1:colcon.colcon_core.package_identification:_identify(src) by extensions ['cmake', 'python']
[0.166s] Level 1:colcon.colcon_core.package_identification:_identify(src) by extension 'cmake'
[0.166s] Level 1:colcon.colcon_core.package_identification:_identify(src) by extension 'python'
[0.166s] Level 1:colcon.colcon_core.package_identification:_identify(src) by extensions ['python_setup_py']
[0.166s] Level 1:colcon.colcon_core.package_identification:_identify(src) by extension 'python_setup_py'
[0.166s] Level 1:colcon.colcon_core.package_identification:_identify(src/amr_bringup) by extensions ['ignore', 'ignore_ament_install']
[0.166s] Level 1:colcon.colcon_core.package_identification:_identify(src/amr_bringup) by extension 'ignore'
[0.166s] Level 1:colcon.colcon_core.package_identification:_identify(src/amr_bringup) by extension 'ignore_ament_install'
[0.166s] Level 1:colcon.colcon_core.package_identification:_identify(src/amr_bringup) by extensions ['colcon_pkg']
[0.166s] Level 1:colcon.colcon_core.package_identification:_identify(src/amr_bringup) by extension 'colcon_pkg'
[0.166s] Level 1:colcon.colcon_core.package_identification:_identify(src/amr_bringup) by extensions ['colcon_meta']
[0.166s] Level 1:colcon.colcon_core.package_identification:_identify(src/amr_bringup) by extension 'colcon_meta'
[0.166s] Level 1:colcon.colcon_core.package_identification:_identify(src/amr_bringup) by extensions ['ros']
[0.166s] Level 1:colcon.colcon_core.package_identification:_identify(src/amr_bringup) by extension 'ros'
[0.168s] DEBUG:colcon.colcon_core.package_identification:Package 'src/amr_bringup' with type 'ros.ament_python' and name 'amr_bringup'
[0.168s] Level 1:colcon.colcon_core.package_identification:_identify(src/amr_description) by extensions ['ignore', 'ignore_ament_install']
[0.168s] Level 1:colcon.colcon_core.package_identification:_identify(src/amr_description) by extension 'ignore'
[0.168s] Level 1:colcon.colcon_core.package_identification:_identify(src/amr_description) by extension 'ignore_ament_install'
[0.168s] Level 1:colcon.colcon_core.package_identification:_identify(src/amr_description) by extensions ['colcon_pkg']
[0.169s] Level 1:colcon.colcon_core.package_identification:_identify(src/amr_description) by extension 'colcon_pkg'
[0.169s] Level 1:colcon.colcon_core.package_identification:_identify(src/amr_description) by extensions ['colcon_meta']
[0.169s] Level 1:colcon.colcon_core.package_identification:_identify(src/amr_description) by extension 'colcon_meta'
[0.169s] Level 1:colcon.colcon_core.package_identification:_identify(src/amr_description) by extensions ['ros']
[0.169s] Level 1:colcon.colcon_core.package_identification:_identify(src/amr_description) by extension 'ros'
[0.169s] DEBUG:colcon.colcon_core.package_identification:Package 'src/amr_description' with type 'ros.ament_cmake' and name 'amr_description'
[0.169s] Level 1:colcon.colcon_core.package_discovery:discover_packages(recursive) using defaults
[0.169s] Level 1:colcon.colcon_core.package_discovery:discover_packages(ignore) discover
[0.169s] Level 1:colcon.colcon_core.package_discovery:discover_packages(ignore) using defaults
[0.169s] Level 1:colcon.colcon_core.package_discovery:discover_packages(path) discover
[0.169s] Level 1:colcon.colcon_core.package_discovery:discover_packages(path) using defaults
[0.186s] Level 1:colcon.colcon_core.package_discovery:discover_packages(prefix_path) check parameters
[0.186s] Level 1:colcon.colcon_core.package_discovery:discover_packages(prefix_path) discover
[0.187s] DEBUG:colcon.colcon_installed_package_information.package_discovery:Found 2 installed packages in /home/sibel/amr_ws/install
[0.188s] DEBUG:colcon.colcon_installed_package_information.package_discovery:Found 463 installed packages in /opt/ros/humble
[0.190s] Level 1:colcon.colcon_core.package_discovery:discover_packages(prefix_path) using defaults
[0.221s] Level 5:colcon.colcon_core.verb:set package 'amr_bringup' build argument 'cmake_args' from command line to 'None'
[0.221s] Level 5:colcon.colcon_core.verb:set package 'amr_bringup' build argument 'cmake_target' from command line to 'None'
[0.221s] Level 5:colcon.colcon_core.verb:set package 'amr_bringup' build argument 'cmake_target_skip_unavailable' from command line to 'False'
[0.221s] Level 5:colcon.colcon_core.verb:set package 'amr_bringup' build argument 'cmake_clean_cache' from command line to 'False'
[0.221s] Level 5:colcon.colcon_core.verb:set package 'amr_bringup' build argument 'cmake_clean_first' from command line to 'False'
[0.221s] Level 5:colcon.colcon_core.verb:set package 'amr_bringup' build argument 'cmake_force_configure' from command line to 'False'
[0.221s] Level 5:colcon.colcon_core.verb:set package 'amr_bringup' build argument 'ament_cmake_args' from command line to 'None'
[0.221s] Level 5:colcon.colcon_core.verb:set package 'amr_bringup' build argument 'catkin_cmake_args' from command line to 'None'
[0.221s] Level 5:colcon.colcon_core.verb:set package 'amr_bringup' build argument 'catkin_skip_building_tests' from command line to 'False'
[0.221s] DEBUG:colcon.colcon_core.verb:Building package 'amr_bringup' with the following arguments: {'ament_cmake_args': None, 'build_base': '/home/sibel/amr_ws/build/amr_bringup', 'catkin_cmake_args': None, 'catkin_skip_building_tests': False, 'cmake_args': None, 'cmake_clean_cache': False, 'cmake_clean_first': False, 'cmake_force_configure': False, 'cmake_target': None, 'cmake_target_skip_unavailable': False, 'install_base': '/home/sibel/amr_ws/install/amr_bringup', 'merge_install': False, 'path': '/home/sibel/amr_ws/src/amr_bringup', 'symlink_install': True, 'test_result_base': None}
[0.222s] Level 5:colcon.colcon_core.verb:set package 'amr_description' build argument 'cmake_args' from command line to 'None'
[0.222s] Level 5:colcon.colcon_core.verb:set package 'amr_description' build argument 'cmake_target' from command line to 'None'
[0.222s] Level 5:colcon.colcon_core.verb:set package 'amr_description' build argument 'cmake_target_skip_unavailable' from command line to 'False'
[0.222s] Level 5:colcon.colcon_core.verb:set package 'amr_description' build argument 'cmake_clean_cache' from command line to 'False'
[0.222s] Level 5:colcon.colcon_core.verb:set package 'amr_description' build argument 'cmake_clean_first' from command line to 'False'
[0.222s] Level 5:colcon.colcon_core.verb:set package 'amr_description' build argument 'cmake_force_configure' from command line to 'False'
[0.222s] Level 5:colcon.colcon_core.verb:set package 'amr_description' build argument 'ament_cmake_args' from command line to 'None'
[0.222s] Level 5:colcon.colcon_core.verb:set package 'amr_description' build argument 'catkin_cmake_args' from command line to 'None'
[0.222s] Level 5:colcon.colcon_core.verb:set package 'amr_description' build argument 'catkin_skip_building_tests' from command line to 'False'
[0.222s] DEBUG:colcon.colcon_core.verb:Building package 'amr_description' with the following arguments: {'ament_cmake_args': None, 'build_base': '/home/sibel/amr_ws/build/amr_description', 'catkin_cmake_args': None, 'catkin_skip_building_tests': False, 'cmake_args': None, 'cmake_clean_cache': False, 'cmake_clean_first': False, 'cmake_force_configure': False, 'cmake_target': None, 'cmake_target_skip_unavailable': False, 'install_base': '/home/sibel/amr_ws/install/amr_description', 'merge_install': False, 'path': '/home/sibel/amr_ws/src/amr_description', 'symlink_install': True, 'test_result_base': None}
[0.222s] INFO:colcon.colcon_core.executor:Executing jobs using 'parallel' executor
[0.223s] DEBUG:colcon.colcon_parallel_executor.executor.parallel:run_until_complete
[0.223s] INFO:colcon.colcon_ros.task.ament_python.build:Building ROS package in '/home/sibel/amr_ws/src/amr_bringup' with build type 'ament_python'
[0.223s] Level 1:colcon.colcon_core.shell:create_environment_hook('amr_bringup', 'ament_prefix_path')
[0.225s] INFO:colcon.colcon_core.plugin_system:Skipping extension 'colcon_core.shell.bat': Not used on non-Windows systems
[0.225s] INFO:colcon.colcon_core.shell:Creating environment hook '/home/sibel/amr_ws/install/amr_bringup/share/amr_bringup/hook/ament_prefix_path.ps1'
[0.226s] INFO:colcon.colcon_core.shell:Creating environment descriptor '/home/sibel/amr_ws/install/amr_bringup/share/amr_bringup/hook/ament_prefix_path.dsv'
[0.226s] INFO:colcon.colcon_core.shell:Creating environment hook '/home/sibel/amr_ws/install/amr_bringup/share/amr_bringup/hook/ament_prefix_path.sh'
[0.227s] INFO:colcon.colcon_core.shell:Skip shell extension 'powershell' for command environment: Not usable outside of PowerShell
[0.227s] DEBUG:colcon.colcon_core.shell:Skip shell extension 'dsv' for command environment
[0.229s] INFO:colcon.colcon_ros.task.ament_cmake.build:Building ROS package in '/home/sibel/amr_ws/src/amr_description' with build type 'ament_cmake'
[0.230s] INFO:colcon.colcon_cmake.task.cmake.build:Building CMake package in '/home/sibel/amr_ws/src/amr_description'
[0.230s] INFO:colcon.colcon_core.shell:Skip shell extension 'powershell' for command environment: Not usable outside of PowerShell
[0.230s] DEBUG:colcon.colcon_core.shell:Skip shell extension 'dsv' for command environment
[0.392s] INFO:colcon.colcon_core.task.python.build:Building Python package in '/home/sibel/amr_ws/src/amr_bringup'
[0.392s] INFO:colcon.colcon_core.shell:Skip shell extension 'powershell' for command environment: Not usable outside of PowerShell
[0.392s] DEBUG:colcon.colcon_core.shell:Skip shell extension 'dsv' for command environment
[0.397s] DEBUG:colcon.colcon_core.event_handler.log_command:Invoking command in '/home/sibel/amr_ws/build/amr_description': CMAKE_PREFIX_PATH=${CMAKE_PREFIX_PATH}:/home/sibel/amr_ws/install/amr_bringup:/opt/ros/humble /usr/bin/cmake --build /home/sibel/amr_ws/build/amr_description -- -j12 -l12
[0.427s] DEBUG:colcon.colcon_core.event_handler.log_command:Invoked command in '/home/sibel/amr_ws/build/amr_description' returned '0': CMAKE_PREFIX_PATH=${CMAKE_PREFIX_PATH}:/home/sibel/amr_ws/install/amr_bringup:/opt/ros/humble /usr/bin/cmake --build /home/sibel/amr_ws/build/amr_description -- -j12 -l12
[0.434s] DEBUG:colcon.colcon_core.event_handler.log_command:Invoking command in '/home/sibel/amr_ws/build/amr_description': CMAKE_PREFIX_PATH=${CMAKE_PREFIX_PATH}:/home/sibel/amr_ws/install/amr_bringup:/opt/ros/humble /usr/bin/cmake --install /home/sibel/amr_ws/build/amr_description
[0.447s] Level 1:colcon.colcon_core.environment:create_environment_scripts_only(amr_description)
[0.448s] DEBUG:colcon.colcon_core.event_handler.log_command:Invoked command in '/home/sibel/amr_ws/build/amr_description' returned '0': CMAKE_PREFIX_PATH=${CMAKE_PREFIX_PATH}:/home/sibel/amr_ws/install/amr_bringup:/opt/ros/humble /usr/bin/cmake --install /home/sibel/amr_ws/build/amr_description
[0.450s] Level 1:colcon.colcon_core.environment:checking '/home/sibel/amr_ws/install/amr_description' for CMake module files
[0.450s] Level 1:colcon.colcon_core.environment:checking '/home/sibel/amr_ws/install/amr_description' for CMake config files
[0.451s] Level 1:colcon.colcon_core.shell:create_environment_hook('amr_description', 'cmake_prefix_path')
[0.451s] INFO:colcon.colcon_core.shell:Creating environment hook '/home/sibel/amr_ws/install/amr_description/share/amr_description/hook/cmake_prefix_path.ps1'
[0.452s] INFO:colcon.colcon_core.shell:Creating environment descriptor '/home/sibel/amr_ws/install/amr_description/share/amr_description/hook/cmake_prefix_path.dsv'
[0.452s] INFO:colcon.colcon_core.shell:Creating environment hook '/home/sibel/amr_ws/install/amr_description/share/amr_description/hook/cmake_prefix_path.sh'
[0.453s] Level 1:colcon.colcon_core.environment:checking '/home/sibel/amr_ws/install/amr_description/bin'
[0.453s] Level 1:colcon.colcon_core.environment:checking '/home/sibel/amr_ws/install/amr_description/lib/pkgconfig/amr_description.pc'
[0.453s] Level 1:colcon.colcon_core.environment:checking '/home/sibel/amr_ws/install/amr_description/lib/python3.10/site-packages'
[0.453s] Level 1:colcon.colcon_core.environment:checking '/home/sibel/amr_ws/install/amr_description/bin'
[0.453s] INFO:colcon.colcon_core.shell:Creating package script '/home/sibel/amr_ws/install/amr_description/share/amr_description/package.ps1'
[0.454s] INFO:colcon.colcon_core.shell:Creating package descriptor '/home/sibel/amr_ws/install/amr_description/share/amr_description/package.dsv'
[0.454s] INFO:colcon.colcon_core.shell:Creating package script '/home/sibel/amr_ws/install/amr_description/share/amr_description/package.sh'
[0.455s] INFO:colcon.colcon_core.shell:Creating package script '/home/sibel/amr_ws/install/amr_description/share/amr_description/package.bash'
[0.455s] INFO:colcon.colcon_core.shell:Creating package script '/home/sibel/amr_ws/install/amr_description/share/amr_description/package.zsh'
[0.456s] Level 1:colcon.colcon_core.environment:create_file_with_runtime_dependencies(/home/sibel/amr_ws/install/amr_description/share/colcon-core/packages/amr_description)
[0.456s] Level 1:colcon.colcon_core.environment:create_environment_scripts_only(amr_description)
[0.456s] Level 1:colcon.colcon_core.environment:checking '/home/sibel/amr_ws/install/amr_description' for CMake module files
[0.456s] Level 1:colcon.colcon_core.environment:checking '/home/sibel/amr_ws/install/amr_description' for CMake config files
[0.456s] Level 1:colcon.colcon_core.shell:create_environment_hook('amr_description', 'cmake_prefix_path')
[0.457s] INFO:colcon.colcon_core.shell:Creating environment hook '/home/sibel/amr_ws/install/amr_description/share/amr_description/hook/cmake_prefix_path.ps1'
[0.457s] INFO:colcon.colcon_core.shell:Creating environment descriptor '/home/sibel/amr_ws/install/amr_description/share/amr_description/hook/cmake_prefix_path.dsv'
[0.457s] INFO:colcon.colcon_core.shell:Creating environment hook '/home/sibel/amr_ws/install/amr_description/share/amr_description/hook/cmake_prefix_path.sh'
[0.457s] Level 1:colcon.colcon_core.environment:checking '/home/sibel/amr_ws/install/amr_description/bin'
[0.457s] Level 1:colcon.colcon_core.environment:checking '/home/sibel/amr_ws/install/amr_description/lib/pkgconfig/amr_description.pc'
[0.457s] Level 1:colcon.colcon_core.environment:checking '/home/sibel/amr_ws/install/amr_description/lib/python3.10/site-packages'
[0.458s] Level 1:colcon.colcon_core.environment:checking '/home/sibel/amr_ws/install/amr_description/bin'
[0.458s] INFO:colcon.colcon_core.shell:Creating package script '/home/sibel/amr_ws/install/amr_description/share/amr_description/package.ps1'
[0.458s] INFO:colcon.colcon_core.shell:Creating package descriptor '/home/sibel/amr_ws/install/amr_description/share/amr_description/package.dsv'
[0.458s] INFO:colcon.colcon_core.shell:Creating package script '/home/sibel/amr_ws/install/amr_description/share/amr_description/package.sh'
[0.458s] INFO:colcon.colcon_core.shell:Creating package script '/home/sibel/amr_ws/install/amr_description/share/amr_description/package.bash'
[0.459s] INFO:colcon.colcon_core.shell:Creating package script '/home/sibel/amr_ws/install/amr_description/share/amr_description/package.zsh'
[0.459s] Level 1:colcon.colcon_core.environment:create_file_with_runtime_dependencies(/home/sibel/amr_ws/install/amr_description/share/colcon-core/packages/amr_description)
[0.643s] DEBUG:colcon.colcon_core.event_handler.log_command:Invoking command in '/home/sibel/amr_ws/build/amr_bringup': PYTHONPATH=/home/sibel/amr_ws/build/amr_bringup/prefix_override:/usr/lib/python3/dist-packages/colcon_core/task/python/colcon_distutils_commands:/home/sibel/amr_ws/install/amr_bringup/lib/python3.10/site-packages:${PYTHONPATH} /usr/bin/python3 -W ignore:setup.py install is deprecated -W ignore:easy_install command is deprecated setup.py develop --editable --build-directory /home/sibel/amr_ws/build/amr_bringup/build --no-deps symlink_data
[0.906s] Level 1:colcon.colcon_core.shell:create_environment_hook('amr_bringup', 'pythonpath_develop')
[0.906s] INFO:colcon.colcon_core.shell:Creating environment hook '/home/sibel/amr_ws/build/amr_bringup/share/amr_bringup/hook/pythonpath_develop.ps1'
[0.906s] DEBUG:colcon.colcon_core.event_handler.log_command:Invoked command in '/home/sibel/amr_ws/build/amr_bringup' returned '0': PYTHONPATH=/home/sibel/amr_ws/build/amr_bringup/prefix_override:/usr/lib/python3/dist-packages/colcon_core/task/python/colcon_distutils_commands:/home/sibel/amr_ws/install/amr_bringup/lib/python3.10/site-packages:${PYTHONPATH} /usr/bin/python3 -W ignore:setup.py install is deprecated -W ignore:easy_install command is deprecated setup.py develop --editable --build-directory /home/sibel/amr_ws/build/amr_bringup/build --no-deps symlink_data
[0.907s] INFO:colcon.colcon_core.shell:Creating environment descriptor '/home/sibel/amr_ws/build/amr_bringup/share/amr_bringup/hook/pythonpath_develop.dsv'
[0.907s] INFO:colcon.colcon_core.shell:Creating environment hook '/home/sibel/amr_ws/build/amr_bringup/share/amr_bringup/hook/pythonpath_develop.sh'
[0.908s] Level 1:colcon.colcon_core.environment:checking '/home/sibel/amr_ws/install/amr_bringup' for CMake module files
[0.908s] Level 1:colcon.colcon_core.environment:checking '/home/sibel/amr_ws/install/amr_bringup' for CMake config files
[0.909s] Level 1:colcon.colcon_core.environment:checking '/home/sibel/amr_ws/install/amr_bringup/lib'
[0.909s] Level 1:colcon.colcon_core.environment:checking '/home/sibel/amr_ws/install/amr_bringup/bin'
[0.909s] Level 1:colcon.colcon_core.environment:checking '/home/sibel/amr_ws/install/amr_bringup/lib/pkgconfig/amr_bringup.pc'
[0.909s] Level 1:colcon.colcon_core.environment:checking '/home/sibel/amr_ws/install/amr_bringup/lib/python3.10/site-packages'
[0.909s] Level 1:colcon.colcon_core.shell:create_environment_hook('amr_bringup', 'pythonpath')
[0.909s] INFO:colcon.colcon_core.shell:Creating environment hook '/home/sibel/amr_ws/install/amr_bringup/share/amr_bringup/hook/pythonpath.ps1'
[0.910s] INFO:colcon.colcon_core.shell:Creating environment descriptor '/home/sibel/amr_ws/install/amr_bringup/share/amr_bringup/hook/pythonpath.dsv'
[0.910s] INFO:colcon.colcon_core.shell:Creating environment hook '/home/sibel/amr_ws/install/amr_bringup/share/amr_bringup/hook/pythonpath.sh'
[0.911s] Level 1:colcon.colcon_core.environment:checking '/home/sibel/amr_ws/install/amr_bringup/bin'
[0.911s] Level 1:colcon.colcon_core.environment:create_environment_scripts_only(amr_bringup)
[0.911s] INFO:colcon.colcon_core.shell:Creating package script '/home/sibel/amr_ws/install/amr_bringup/share/amr_bringup/package.ps1'
[0.912s] INFO:colcon.colcon_core.shell:Creating package descriptor '/home/sibel/amr_ws/install/amr_bringup/share/amr_bringup/package.dsv'
[0.912s] INFO:colcon.colcon_core.shell:Creating package script '/home/sibel/amr_ws/install/amr_bringup/share/amr_bringup/package.sh'
[0.913s] INFO:colcon.colcon_core.shell:Creating package script '/home/sibel/amr_ws/install/amr_bringup/share/amr_bringup/package.bash'
[0.913s] INFO:colcon.colcon_core.shell:Creating package script '/home/sibel/amr_ws/install/amr_bringup/share/amr_bringup/package.zsh'
[0.913s] Level 1:colcon.colcon_core.environment:create_file_with_runtime_dependencies(/home/sibel/amr_ws/install/amr_bringup/share/colcon-core/packages/amr_bringup)
[0.913s] DEBUG:colcon.colcon_parallel_executor.executor.parallel:closing loop
[0.914s] DEBUG:colcon.colcon_parallel_executor.executor.parallel:loop closed
[0.914s] DEBUG:colcon.colcon_parallel_executor.executor.parallel:run_until_complete finished with '0'
[0.914s] DEBUG:colcon.colcon_core.event_reactor:joining thread
[0.918s] INFO:colcon.colcon_core.plugin_system:Skipping extension 'colcon_notification.desktop_notification.terminal_notifier': Not used on non-Darwin systems
[0.918s] INFO:colcon.colcon_core.plugin_system:Skipping extension 'colcon_notification.desktop_notification.win32': Not used on non-Windows systems
[0.918s] INFO:colcon.colcon_notification.desktop_notification:Sending desktop notification using 'notify2'
[0.928s] DEBUG:colcon.colcon_core.event_reactor:joined thread
[0.929s] INFO:colcon.colcon_core.shell:Creating prefix script '/home/sibel/amr_ws/install/local_setup.ps1'
[0.930s] INFO:colcon.colcon_core.shell:Creating prefix util module '/home/sibel/amr_ws/install/_local_setup_util_ps1.py'
[0.930s] INFO:colcon.colcon_core.shell:Creating prefix chain script '/home/sibel/amr_ws/install/setup.ps1'
[0.931s] INFO:colcon.colcon_core.shell:Creating prefix script '/home/sibel/amr_ws/install/local_setup.sh'
[0.931s] INFO:colcon.colcon_core.shell:Creating prefix util module '/home/sibel/amr_ws/install/_local_setup_util_sh.py'
[0.931s] INFO:colcon.colcon_core.shell:Creating prefix chain script '/home/sibel/amr_ws/install/setup.sh'
[0.932s] INFO:colcon.colcon_core.shell:Creating prefix script '/home/sibel/amr_ws/install/local_setup.bash'
[0.932s] INFO:colcon.colcon_core.shell:Creating prefix chain script '/home/sibel/amr_ws/install/setup.bash'
[0.933s] INFO:colcon.colcon_core.shell:Creating prefix script '/home/sibel/amr_ws/install/local_setup.zsh'
[0.933s] INFO:colcon.colcon_core.shell:Creating prefix chain script '/home/sibel/amr_ws/install/setup.zsh'
