[0.161s] Invoking command in '/home/sibel/amr_ws/build/amr_description': CMAKE_PREFIX_PATH=${CMAKE_PREFIX_PATH}:/home/sibel/amr_ws/install/amr_bringup:/opt/ros/humble /usr/bin/cmake /home/sibel/amr_ws/src/amr_description -DAMENT_CMAKE_SYMLINK_INSTALL=1 -DCMAKE_INSTALL_PREFIX=/home/sibel/amr_ws/install/amr_description
[0.171s] -- Found ament_cmake: 1.3.14 (/opt/ros/humble/share/ament_cmake/cmake)
[0.263s] -- Override CMake install command with custom implementation using symlinks instead of copying resources
[0.267s] -- Found ament_lint_auto: 0.12.15 (/opt/ros/humble/share/ament_lint_auto/cmake)
[0.316s] -- Added test 'lint_cmake' to check CMake code style
[0.317s] -- Added test 'xmllint' to check XML markup files
[0.317s] -- Configuring done
[0.319s] -- Generating done
[0.319s] -- Build files have been written to: /home/sibel/amr_ws/build/amr_description
[0.321s] Invoked command in '/home/sibel/amr_ws/build/amr_description' returned '0': CMAKE_PREFIX_PATH=${CMAKE_PREFIX_PATH}:/home/sibel/amr_ws/install/amr_bringup:/opt/ros/humble /usr/bin/cmake /home/sibel/amr_ws/src/amr_description -DAMENT_CMAKE_SYMLINK_INSTALL=1 -DCMAKE_INSTALL_PREFIX=/home/sibel/amr_ws/install/amr_description
[0.323s] Invoking command in '/home/sibel/amr_ws/build/amr_description': CMAKE_PREFIX_PATH=${CMAKE_PREFIX_PATH}:/home/sibel/amr_ws/install/amr_bringup:/opt/ros/humble /usr/bin/cmake --build /home/sibel/amr_ws/build/amr_description -- -j12 -l12
[0.352s] Invoked command in '/home/sibel/amr_ws/build/amr_description' returned '0': CMAKE_PREFIX_PATH=${CMAKE_PREFIX_PATH}:/home/sibel/amr_ws/install/amr_bringup:/opt/ros/humble /usr/bin/cmake --build /home/sibel/amr_ws/build/amr_description -- -j12 -l12
[0.362s] Invoking command in '/home/sibel/amr_ws/build/amr_description': CMAKE_PREFIX_PATH=${CMAKE_PREFIX_PATH}:/home/sibel/amr_ws/install/amr_bringup:/opt/ros/humble /usr/bin/cmake --install /home/sibel/amr_ws/build/amr_description
[0.369s] -- Install configuration: ""
[0.369s] -- Execute custom install script
[0.369s] -- Up-to-date symlink: /home/sibel/amr_ws/install/amr_description/share/ament_index/resource_index/package_run_dependencies/amr_description
[0.369s] -- Up-to-date symlink: /home/sibel/amr_ws/install/amr_description/share/ament_index/resource_index/parent_prefix_path/amr_description
[0.369s] -- Up-to-date symlink: /home/sibel/amr_ws/install/amr_description/share/amr_description/environment/ament_prefix_path.sh
[0.369s] -- Up-to-date symlink: /home/sibel/amr_ws/install/amr_description/share/amr_description/environment/ament_prefix_path.dsv
[0.370s] -- Up-to-date symlink: /home/sibel/amr_ws/install/amr_description/share/amr_description/environment/path.sh
[0.370s] -- Up-to-date symlink: /home/sibel/amr_ws/install/amr_description/share/amr_description/environment/path.dsv
[0.370s] -- Up-to-date symlink: /home/sibel/amr_ws/install/amr_description/share/amr_description/local_setup.bash
[0.370s] -- Up-to-date symlink: /home/sibel/amr_ws/install/amr_description/share/amr_description/local_setup.sh
[0.370s] -- Up-to-date symlink: /home/sibel/amr_ws/install/amr_description/share/amr_description/local_setup.zsh
[0.370s] -- Up-to-date symlink: /home/sibel/amr_ws/install/amr_description/share/amr_description/local_setup.dsv
[0.370s] -- Symlinking: /home/sibel/amr_ws/install/amr_description/share/amr_description/package.dsv
[0.377s] -- Up-to-date symlink: /home/sibel/amr_ws/install/amr_description/share/ament_index/resource_index/packages/amr_description
[0.377s] -- Up-to-date symlink: /home/sibel/amr_ws/install/amr_description/share/amr_description/cmake/amr_descriptionConfig.cmake
[0.377s] -- Up-to-date symlink: /home/sibel/amr_ws/install/amr_description/share/amr_description/cmake/amr_descriptionConfig-version.cmake
[0.377s] -- Up-to-date symlink: /home/sibel/amr_ws/install/amr_description/share/amr_description/package.xml
[0.377s] -- Up-to-date symlink: /home/sibel/amr_ws/install/amr_description/share/amr_description/urdf/amr.urdf.xacro
[0.379s] Invoked command in '/home/sibel/amr_ws/build/amr_description' returned '0': CMAKE_PREFIX_PATH=${CMAKE_PREFIX_PATH}:/home/sibel/amr_ws/install/amr_bringup:/opt/ros/humble /usr/bin/cmake --install /home/sibel/amr_ws/build/amr_description
