[0.100s] DEBUG:colcon:Command line arguments: ['/usr/bin/colcon', 'build', '--packages-select', 'amr_bringup']
[0.100s] DEBUG:colcon:Parsed command line arguments: Namespace(log_base=None, log_level=None, verb_name='build', build_base='build', install_base='install', merge_install=False, symlink_install=False, test_result_base=None, continue_on_error=False, executor='parallel', parallel_workers=12, event_handlers=None, ignore_user_meta=False, metas=['./colcon.meta'], base_paths=['.'], packages_ignore=None, packages_ignore_regex=None, paths=None, packages_up_to=None, packages_up_to_regex=None, packages_above=None, packages_above_and_dependencies=None, packages_above_depth=None, packages_select_by_dep=None, packages_skip_by_dep=None, packages_skip_up_to=None, packages_select_build_failed=False, packages_skip_build_finished=False, packages_select_test_failures=False, packages_skip_test_passed=False, packages_select=['amr_bringup'], packages_skip=None, packages_select_regex=None, packages_skip_regex=None, packages_start=None, packages_end=None, allow_overriding=[], cmake_args=None, cmake_target=None, cmake_target_skip_unavailable=False, cmake_clean_cache=False, cmake_clean_first=False, cmake_force_configure=False, ament_cmake_args=None, catkin_cmake_args=None, catkin_skip_building_tests=False, verb_parser=<colcon_defaults.argument_parser.defaults.DefaultArgumentsDecorator object at 0x77463275ada0>, verb_extension=<colcon_core.verb.build.BuildVerb object at 0x77463289c2e0>, main=<bound method BuildVerb.main of <colcon_core.verb.build.BuildVerb object at 0x77463289c2e0>>)
[0.314s] Level 1:colcon.colcon_core.package_discovery:discover_packages(colcon_meta) check parameters
[0.314s] Level 1:colcon.colcon_core.package_discovery:discover_packages(recursive) check parameters
[0.314s] Level 1:colcon.colcon_core.package_discovery:discover_packages(ignore) check parameters
[0.314s] Level 1:colcon.colcon_core.package_discovery:discover_packages(path) check parameters
[0.314s] Level 1:colcon.colcon_core.package_discovery:discover_packages(colcon_meta) discover
[0.314s] Level 1:colcon.colcon_core.package_discovery:discover_packages(recursive) discover
[0.314s] INFO:colcon.colcon_core.package_discovery:Crawling recursively for packages in '/home/sibel/amr_ws'
[0.314s] Level 1:colcon.colcon_core.package_identification:_identify(.) by extensions ['ignore', 'ignore_ament_install']
[0.314s] Level 1:colcon.colcon_core.package_identification:_identify(.) by extension 'ignore'
[0.315s] Level 1:colcon.colcon_core.package_identification:_identify(.) by extension 'ignore_ament_install'
[0.315s] Level 1:colcon.colcon_core.package_identification:_identify(.) by extensions ['colcon_pkg']
[0.315s] Level 1:colcon.colcon_core.package_identification:_identify(.) by extension 'colcon_pkg'
[0.315s] Level 1:colcon.colcon_core.package_identification:_identify(.) by extensions ['colcon_meta']
[0.315s] Level 1:colcon.colcon_core.package_identification:_identify(.) by extension 'colcon_meta'
[0.315s] Level 1:colcon.colcon_core.package_identification:_identify(.) by extensions ['ros']
[0.315s] Level 1:colcon.colcon_core.package_identification:_identify(.) by extension 'ros'
[0.328s] Level 1:colcon.colcon_core.package_identification:_identify(.) by extensions ['cmake', 'python']
[0.328s] Level 1:colcon.colcon_core.package_identification:_identify(.) by extension 'cmake'
[0.328s] Level 1:colcon.colcon_core.package_identification:_identify(.) by extension 'python'
[0.328s] Level 1:colcon.colcon_core.package_identification:_identify(.) by extensions ['python_setup_py']
[0.328s] Level 1:colcon.colcon_core.package_identification:_identify(.) by extension 'python_setup_py'
[0.328s] Level 1:colcon.colcon_core.package_identification:_identify(build) by extensions ['ignore', 'ignore_ament_install']
[0.328s] Level 1:colcon.colcon_core.package_identification:_identify(build) by extension 'ignore'
[0.328s] Level 1:colcon.colcon_core.package_identification:_identify(build) ignored
[0.328s] Level 1:colcon.colcon_core.package_identification:_identify(install) by extensions ['ignore', 'ignore_ament_install']
[0.329s] Level 1:colcon.colcon_core.package_identification:_identify(install) by extension 'ignore'
[0.329s] Level 1:colcon.colcon_core.package_identification:_identify(install) ignored
[0.329s] Level 1:colcon.colcon_core.package_identification:_identify(log) by extensions ['ignore', 'ignore_ament_install']
[0.329s] Level 1:colcon.colcon_core.package_identification:_identify(log) by extension 'ignore'
[0.329s] Level 1:colcon.colcon_core.package_identification:_identify(log) ignored
[0.329s] Level 1:colcon.colcon_core.package_identification:_identify(src) by extensions ['ignore', 'ignore_ament_install']
[0.329s] Level 1:colcon.colcon_core.package_identification:_identify(src) by extension 'ignore'
[0.329s] Level 1:colcon.colcon_core.package_identification:_identify(src) by extension 'ignore_ament_install'
[0.329s] Level 1:colcon.colcon_core.package_identification:_identify(src) by extensions ['colcon_pkg']
[0.330s] Level 1:colcon.colcon_core.package_identification:_identify(src) by extension 'colcon_pkg'
[0.330s] Level 1:colcon.colcon_core.package_identification:_identify(src) by extensions ['colcon_meta']
[0.330s] Level 1:colcon.colcon_core.package_identification:_identify(src) by extension 'colcon_meta'
[0.330s] Level 1:colcon.colcon_core.package_identification:_identify(src) by extensions ['ros']
[0.330s] Level 1:colcon.colcon_core.package_identification:_identify(src) by extension 'ros'
[0.330s] Level 1:colcon.colcon_core.package_identification:_identify(src) by extensions ['cmake', 'python']
[0.330s] Level 1:colcon.colcon_core.package_identification:_identify(src) by extension 'cmake'
[0.330s] Level 1:colcon.colcon_core.package_identification:_identify(src) by extension 'python'
[0.330s] Level 1:colcon.colcon_core.package_identification:_identify(src) by extensions ['python_setup_py']
[0.330s] Level 1:colcon.colcon_core.package_identification:_identify(src) by extension 'python_setup_py'
[0.330s] Level 1:colcon.colcon_core.package_identification:_identify(src/amr_bringup) by extensions ['ignore', 'ignore_ament_install']
[0.330s] Level 1:colcon.colcon_core.package_identification:_identify(src/amr_bringup) by extension 'ignore'
[0.330s] Level 1:colcon.colcon_core.package_identification:_identify(src/amr_bringup) by extension 'ignore_ament_install'
[0.330s] Level 1:colcon.colcon_core.package_identification:_identify(src/amr_bringup) by extensions ['colcon_pkg']
[0.330s] Level 1:colcon.colcon_core.package_identification:_identify(src/amr_bringup) by extension 'colcon_pkg'
[0.331s] Level 1:colcon.colcon_core.package_identification:_identify(src/amr_bringup) by extensions ['colcon_meta']
[0.331s] Level 1:colcon.colcon_core.package_identification:_identify(src/amr_bringup) by extension 'colcon_meta'
[0.331s] Level 1:colcon.colcon_core.package_identification:_identify(src/amr_bringup) by extensions ['ros']
[0.331s] Level 1:colcon.colcon_core.package_identification:_identify(src/amr_bringup) by extension 'ros'
[0.349s] DEBUG:colcon.colcon_core.package_identification:Package 'src/amr_bringup' with type 'ros.ament_python' and name 'amr_bringup'
[0.349s] Level 1:colcon.colcon_core.package_identification:_identify(src/amr_description) by extensions ['ignore', 'ignore_ament_install']
[0.350s] Level 1:colcon.colcon_core.package_identification:_identify(src/amr_description) by extension 'ignore'
[0.350s] Level 1:colcon.colcon_core.package_identification:_identify(src/amr_description) by extension 'ignore_ament_install'
[0.350s] Level 1:colcon.colcon_core.package_identification:_identify(src/amr_description) by extensions ['colcon_pkg']
[0.350s] Level 1:colcon.colcon_core.package_identification:_identify(src/amr_description) by extension 'colcon_pkg'
[0.350s] Level 1:colcon.colcon_core.package_identification:_identify(src/amr_description) by extensions ['colcon_meta']
[0.350s] Level 1:colcon.colcon_core.package_identification:_identify(src/amr_description) by extension 'colcon_meta'
[0.350s] Level 1:colcon.colcon_core.package_identification:_identify(src/amr_description) by extensions ['ros']
[0.350s] Level 1:colcon.colcon_core.package_identification:_identify(src/amr_description) by extension 'ros'
[0.351s] DEBUG:colcon.colcon_core.package_identification:Package 'src/amr_description' with type 'ros.ament_cmake' and name 'amr_description'
[0.351s] Level 1:colcon.colcon_core.package_discovery:discover_packages(recursive) using defaults
[0.351s] Level 1:colcon.colcon_core.package_discovery:discover_packages(ignore) discover
[0.351s] Level 1:colcon.colcon_core.package_discovery:discover_packages(ignore) using defaults
[0.351s] Level 1:colcon.colcon_core.package_discovery:discover_packages(path) discover
[0.351s] Level 1:colcon.colcon_core.package_discovery:discover_packages(path) using defaults
[0.371s] INFO:colcon.colcon_core.package_selection:Skipping not selected package 'amr_description' in 'src/amr_description'
[0.372s] Level 1:colcon.colcon_core.package_discovery:discover_packages(prefix_path) check parameters
[0.372s] Level 1:colcon.colcon_core.package_discovery:discover_packages(prefix_path) discover
[0.374s] DEBUG:colcon.colcon_installed_package_information.package_discovery:Found 478 installed packages in /opt/ros/humble
[0.377s] Level 1:colcon.colcon_core.package_discovery:discover_packages(prefix_path) using defaults
[0.421s] Level 5:colcon.colcon_core.verb:set package 'amr_bringup' build argument 'cmake_args' from command line to 'None'
[0.421s] Level 5:colcon.colcon_core.verb:set package 'amr_bringup' build argument 'cmake_target' from command line to 'None'
[0.421s] Level 5:colcon.colcon_core.verb:set package 'amr_bringup' build argument 'cmake_target_skip_unavailable' from command line to 'False'
[0.421s] Level 5:colcon.colcon_core.verb:set package 'amr_bringup' build argument 'cmake_clean_cache' from command line to 'False'
[0.421s] Level 5:colcon.colcon_core.verb:set package 'amr_bringup' build argument 'cmake_clean_first' from command line to 'False'
[0.421s] Level 5:colcon.colcon_core.verb:set package 'amr_bringup' build argument 'cmake_force_configure' from command line to 'False'
[0.421s] Level 5:colcon.colcon_core.verb:set package 'amr_bringup' build argument 'ament_cmake_args' from command line to 'None'
[0.421s] Level 5:colcon.colcon_core.verb:set package 'amr_bringup' build argument 'catkin_cmake_args' from command line to 'None'
[0.421s] Level 5:colcon.colcon_core.verb:set package 'amr_bringup' build argument 'catkin_skip_building_tests' from command line to 'False'
[0.421s] DEBUG:colcon.colcon_core.verb:Building package 'amr_bringup' with the following arguments: {'ament_cmake_args': None, 'build_base': '/home/sibel/amr_ws/build/amr_bringup', 'catkin_cmake_args': None, 'catkin_skip_building_tests': False, 'cmake_args': None, 'cmake_clean_cache': False, 'cmake_clean_first': False, 'cmake_force_configure': False, 'cmake_target': None, 'cmake_target_skip_unavailable': False, 'install_base': '/home/sibel/amr_ws/install/amr_bringup', 'merge_install': False, 'path': '/home/sibel/amr_ws/src/amr_bringup', 'symlink_install': False, 'test_result_base': None}
[0.421s] INFO:colcon.colcon_core.executor:Executing jobs using 'parallel' executor
[0.422s] DEBUG:colcon.colcon_parallel_executor.executor.parallel:run_until_complete
[0.422s] INFO:colcon.colcon_ros.task.ament_python.build:Building ROS package in '/home/sibel/amr_ws/src/amr_bringup' with build type 'ament_python'
[0.423s] Level 1:colcon.colcon_core.shell:create_environment_hook('amr_bringup', 'ament_prefix_path')
[0.424s] INFO:colcon.colcon_core.plugin_system:Skipping extension 'colcon_core.shell.bat': Not used on non-Windows systems
[0.424s] INFO:colcon.colcon_core.shell:Creating environment hook '/home/sibel/amr_ws/install/amr_bringup/share/amr_bringup/hook/ament_prefix_path.ps1'
[0.425s] INFO:colcon.colcon_core.shell:Creating environment descriptor '/home/sibel/amr_ws/install/amr_bringup/share/amr_bringup/hook/ament_prefix_path.dsv'
[0.425s] INFO:colcon.colcon_core.shell:Creating environment hook '/home/sibel/amr_ws/install/amr_bringup/share/amr_bringup/hook/ament_prefix_path.sh'
[0.426s] INFO:colcon.colcon_core.shell:Skip shell extension 'powershell' for command environment: Not usable outside of PowerShell
[0.426s] DEBUG:colcon.colcon_core.shell:Skip shell extension 'dsv' for command environment
[0.817s] INFO:colcon.colcon_core.task.python.build:Building Python package in '/home/sibel/amr_ws/src/amr_bringup'
[0.818s] INFO:colcon.colcon_core.shell:Skip shell extension 'powershell' for command environment: Not usable outside of PowerShell
[0.818s] DEBUG:colcon.colcon_core.shell:Skip shell extension 'dsv' for command environment
[1.268s] DEBUG:colcon.colcon_core.event_handler.log_command:Invoking command in '/home/sibel/amr_ws/src/amr_bringup': PYTHONPATH=/home/sibel/amr_ws/build/amr_bringup/prefix_override:/usr/lib/python3/dist-packages/colcon_core/task/python/colcon_distutils_commands:/home/sibel/amr_ws/install/amr_bringup/lib/python3.10/site-packages:${PYTHONPATH} /usr/bin/python3 -W ignore:setup.py install is deprecated -W ignore:easy_install command is deprecated setup.py egg_info --egg-base ../../build/amr_bringup build --build-base /home/sibel/amr_ws/build/amr_bringup/build install --record /home/sibel/amr_ws/build/amr_bringup/install.log --single-version-externally-managed install_data
[1.618s] DEBUG:colcon.colcon_core.event_handler.log_command:Invoked command in '/home/sibel/amr_ws/src/amr_bringup' returned '0': PYTHONPATH=/home/sibel/amr_ws/build/amr_bringup/prefix_override:/usr/lib/python3/dist-packages/colcon_core/task/python/colcon_distutils_commands:/home/sibel/amr_ws/install/amr_bringup/lib/python3.10/site-packages:${PYTHONPATH} /usr/bin/python3 -W ignore:setup.py install is deprecated -W ignore:easy_install command is deprecated setup.py egg_info --egg-base ../../build/amr_bringup build --build-base /home/sibel/amr_ws/build/amr_bringup/build install --record /home/sibel/amr_ws/build/amr_bringup/install.log --single-version-externally-managed install_data
[1.621s] Level 1:colcon.colcon_core.environment:checking '/home/sibel/amr_ws/install/amr_bringup' for CMake module files
[1.621s] Level 1:colcon.colcon_core.environment:checking '/home/sibel/amr_ws/install/amr_bringup' for CMake config files
[1.622s] Level 1:colcon.colcon_core.environment:checking '/home/sibel/amr_ws/install/amr_bringup/lib'
[1.622s] Level 1:colcon.colcon_core.environment:checking '/home/sibel/amr_ws/install/amr_bringup/bin'
[1.622s] Level 1:colcon.colcon_core.environment:checking '/home/sibel/amr_ws/install/amr_bringup/lib/pkgconfig/amr_bringup.pc'
[1.623s] Level 1:colcon.colcon_core.environment:checking '/home/sibel/amr_ws/install/amr_bringup/lib/python3.10/site-packages'
[1.623s] Level 1:colcon.colcon_core.shell:create_environment_hook('amr_bringup', 'pythonpath')
[1.623s] INFO:colcon.colcon_core.shell:Creating environment hook '/home/sibel/amr_ws/install/amr_bringup/share/amr_bringup/hook/pythonpath.ps1'
[1.623s] INFO:colcon.colcon_core.shell:Creating environment descriptor '/home/sibel/amr_ws/install/amr_bringup/share/amr_bringup/hook/pythonpath.dsv'
[1.624s] INFO:colcon.colcon_core.shell:Creating environment hook '/home/sibel/amr_ws/install/amr_bringup/share/amr_bringup/hook/pythonpath.sh'
[1.625s] Level 1:colcon.colcon_core.environment:checking '/home/sibel/amr_ws/install/amr_bringup/bin'
[1.625s] Level 1:colcon.colcon_core.environment:create_environment_scripts_only(amr_bringup)
[1.626s] INFO:colcon.colcon_core.shell:Creating package script '/home/sibel/amr_ws/install/amr_bringup/share/amr_bringup/package.ps1'
[1.627s] INFO:colcon.colcon_core.shell:Creating package descriptor '/home/sibel/amr_ws/install/amr_bringup/share/amr_bringup/package.dsv'
[1.628s] INFO:colcon.colcon_core.shell:Creating package script '/home/sibel/amr_ws/install/amr_bringup/share/amr_bringup/package.sh'
[1.629s] INFO:colcon.colcon_core.shell:Creating package script '/home/sibel/amr_ws/install/amr_bringup/share/amr_bringup/package.bash'
[1.631s] INFO:colcon.colcon_core.shell:Creating package script '/home/sibel/amr_ws/install/amr_bringup/share/amr_bringup/package.zsh'
[1.632s] Level 1:colcon.colcon_core.environment:create_file_with_runtime_dependencies(/home/sibel/amr_ws/install/amr_bringup/share/colcon-core/packages/amr_bringup)
[1.632s] DEBUG:colcon.colcon_parallel_executor.executor.parallel:closing loop
[1.633s] DEBUG:colcon.colcon_parallel_executor.executor.parallel:loop closed
[1.633s] DEBUG:colcon.colcon_parallel_executor.executor.parallel:run_until_complete finished with '0'
[1.633s] DEBUG:colcon.colcon_core.event_reactor:joining thread
[1.639s] INFO:colcon.colcon_core.plugin_system:Skipping extension 'colcon_notification.desktop_notification.terminal_notifier': Not used on non-Darwin systems
[1.639s] INFO:colcon.colcon_core.plugin_system:Skipping extension 'colcon_notification.desktop_notification.win32': Not used on non-Windows systems
[1.640s] INFO:colcon.colcon_notification.desktop_notification:Sending desktop notification using 'notify2'
[1.654s] DEBUG:colcon.colcon_core.event_reactor:joined thread
[1.654s] INFO:colcon.colcon_core.shell:Creating prefix script '/home/sibel/amr_ws/install/local_setup.ps1'
[1.656s] INFO:colcon.colcon_core.shell:Creating prefix util module '/home/sibel/amr_ws/install/_local_setup_util_ps1.py'
[1.657s] INFO:colcon.colcon_core.shell:Creating prefix chain script '/home/sibel/amr_ws/install/setup.ps1'
[1.657s] INFO:colcon.colcon_core.shell:Creating prefix script '/home/sibel/amr_ws/install/local_setup.sh'
[1.658s] INFO:colcon.colcon_core.shell:Creating prefix util module '/home/sibel/amr_ws/install/_local_setup_util_sh.py'
[1.659s] INFO:colcon.colcon_core.shell:Creating prefix chain script '/home/sibel/amr_ws/install/setup.sh'
[1.660s] INFO:colcon.colcon_core.shell:Creating prefix script '/home/sibel/amr_ws/install/local_setup.bash'
[1.661s] INFO:colcon.colcon_core.shell:Creating prefix chain script '/home/sibel/amr_ws/install/setup.bash'
[1.662s] INFO:colcon.colcon_core.shell:Creating prefix script '/home/sibel/amr_ws/install/local_setup.zsh'
[1.662s] INFO:colcon.colcon_core.shell:Creating prefix chain script '/home/sibel/amr_ws/install/setup.zsh'
