[0.158s] Invoking command in '/home/sibel/amr_ws/build/amr_description': CMAKE_PREFIX_PATH=/opt/ros/humble /usr/bin/cmake /home/sibel/amr_ws/src/amr_description -DAMENT_CMAKE_SYMLINK_INSTALL=1 -DCMAKE_INSTALL_PREFIX=/home/sibel/amr_ws/install/amr_description
[0.199s] -- The C compiler identification is GNU 11.4.0
[0.249s] -- The CXX compiler identification is GNU 11.4.0
[0.254s] -- Detecting C compiler ABI info
[0.309s] -- Detecting C compiler ABI info - done
[0.317s] -- Check for working C compiler: /usr/bin/cc - skipped
[0.317s] -- Detecting C compile features
[0.317s] -- Detecting C compile features - done
[0.320s] -- Detecting CXX compiler ABI info
[0.420s] -- Detecting CXX compiler ABI info - done
[0.429s] -- Check for working CXX compiler: /usr/bin/c++ - skipped
[0.429s] -- Detecting CXX compile features
[0.430s] -- Detecting CXX compile features - done
[0.431s] -- Found ament_cmake: 1.3.14 (/opt/ros/humble/share/ament_cmake/cmake)
[0.560s] -- Found Python3: /usr/bin/python3 (found version "3.10.12") found components: Interpreter 
[0.603s] -- Override CMake install command with custom implementation using symlinks instead of copying resources
[0.624s] -- Found ament_lint_auto: 0.12.15 (/opt/ros/humble/share/ament_lint_auto/cmake)
[0.679s] -- Added test 'lint_cmake' to check CMake code style
[0.679s] -- Added test 'xmllint' to check XML markup files
[0.680s] -- Configuring done
[0.682s] -- Generating done
[0.682s] -- Build files have been written to: /home/sibel/amr_ws/build/amr_description
[0.686s] Invoked command in '/home/sibel/amr_ws/build/amr_description' returned '0': CMAKE_PREFIX_PATH=/opt/ros/humble /usr/bin/cmake /home/sibel/amr_ws/src/amr_description -DAMENT_CMAKE_SYMLINK_INSTALL=1 -DCMAKE_INSTALL_PREFIX=/home/sibel/amr_ws/install/amr_description
[0.687s] Invoking command in '/home/sibel/amr_ws/build/amr_description': CMAKE_PREFIX_PATH=/opt/ros/humble /usr/bin/cmake --build /home/sibel/amr_ws/build/amr_description -- -j12 -l12
[0.715s] Invoked command in '/home/sibel/amr_ws/build/amr_description' returned '0': CMAKE_PREFIX_PATH=/opt/ros/humble /usr/bin/cmake --build /home/sibel/amr_ws/build/amr_description -- -j12 -l12
[0.722s] Invoking command in '/home/sibel/amr_ws/build/amr_description': CMAKE_PREFIX_PATH=/opt/ros/humble /usr/bin/cmake --install /home/sibel/amr_ws/build/amr_description
[0.727s] -- Install configuration: ""
[0.727s] -- Execute custom install script
[0.727s] -- Symlinking: /home/sibel/amr_ws/install/amr_description/share/ament_index/resource_index/package_run_dependencies/amr_description
[0.733s] -- Symlinking: /home/sibel/amr_ws/install/amr_description/share/ament_index/resource_index/parent_prefix_path/amr_description
[0.739s] -- Symlinking: /home/sibel/amr_ws/install/amr_description/share/amr_description/environment/ament_prefix_path.sh
[0.745s] -- Symlinking: /home/sibel/amr_ws/install/amr_description/share/amr_description/environment/ament_prefix_path.dsv
[0.753s] -- Symlinking: /home/sibel/amr_ws/install/amr_description/share/amr_description/environment/path.sh
[0.759s] -- Symlinking: /home/sibel/amr_ws/install/amr_description/share/amr_description/environment/path.dsv
[0.764s] -- Symlinking: /home/sibel/amr_ws/install/amr_description/share/amr_description/local_setup.bash
[0.770s] -- Symlinking: /home/sibel/amr_ws/install/amr_description/share/amr_description/local_setup.sh
[0.780s] -- Symlinking: /home/sibel/amr_ws/install/amr_description/share/amr_description/local_setup.zsh
[0.790s] -- Symlinking: /home/sibel/amr_ws/install/amr_description/share/amr_description/local_setup.dsv
[0.799s] -- Symlinking: /home/sibel/amr_ws/install/amr_description/share/amr_description/package.dsv
[0.806s] -- Symlinking: /home/sibel/amr_ws/install/amr_description/share/ament_index/resource_index/packages/amr_description
[0.815s] -- Symlinking: /home/sibel/amr_ws/install/amr_description/share/amr_description/cmake/amr_descriptionConfig.cmake
[0.825s] -- Symlinking: /home/sibel/amr_ws/install/amr_description/share/amr_description/cmake/amr_descriptionConfig-version.cmake
[0.834s] -- Symlinking: /home/sibel/amr_ws/install/amr_description/share/amr_description/package.xml
[0.844s] -- Symlinking: /home/sibel/amr_ws/install/amr_description/share/amr_description/urdf/amr.urdf.xacro
[0.855s] Invoked command in '/home/sibel/amr_ws/build/amr_description' returned '0': CMAKE_PREFIX_PATH=/opt/ros/humble /usr/bin/cmake --install /home/sibel/amr_ws/build/amr_description
